Using pre-set license
Desktop is 1920 x 1080 @ 60 Hz

 COMMAND LINE ARGUMENTS:
Unity
-adb2
-batchMode
-noUpm
-name
AssetImportWorker0
-projectPath
/home/chenfu/project/car_ai_4_wheels_unityscene/source/unity_4_wheel
-logFile
Logs/AssetImportWorker0.log
-srvPort
45123
Successfully changed project path to: /home/chenfu/project/car_ai_4_wheels_unityscene/source/unity_4_wheel
/home/chenfu/project/car_ai_4_wheels_unityscene/source/unity_4_wheel
Using Asset Import Pipeline V2.
Refreshing native plugins compatible for Editor in 41.67 ms, found 2 plugins.
Preloading 0 native plugins for Editor in 0.00 ms.
Initialize engine version: 2020.3.11f1 (99c7afb366b3)
[Subsystems] Discovering subsystems at path /home/chenfu/Unity/Hub/Editor/2020.3.11f1/Editor/Data/Resources/UnitySubsystems
[Subsystems] Discovering subsystems at path /home/chenfu/project/car_ai_4_wheels_unityscene/source/unity_4_wheel/Assets
GLX Extensions: GLX_ARB_context_flush_control GLX_ARB_create_context GLX_ARB_create_context_no_error GLX_ARB_create_context_profile GLX_ARB_fbconfig_float GLX_ARB_framebuffer_sRGB GLX_ARB_get_proc_address GLX_ARB_multisample GLX_EXT_buffer_age GLX_EXT_create_context_es2_profile GLX_EXT_create_context_es_profile GLX_EXT_fbconfig_packed_float GLX_EXT_framebuffer_sRGB GLX_EXT_no_config_context GLX_EXT_swap_control GLX_EXT_swap_control_tear GLX_EXT_texture_from_pixmap GLX_EXT_visual_info GLX_EXT_visual_rating GLX_MESA_copy_sub_buffer GLX_MESA_query_renderer GLX_MESA_swap_control GLX_OML_swap_method GLX_OML_sync_control GLX_SGIS_multisample GLX_SGIX_fbconfig GLX_SGIX_pbuffer GLX_SGIX_visual_select_group GLX_SGI_make_current_read GLX_SGI_video_sync 
Renderer: SVGA3D; build: RELEASE;  LLVM;
Vendor:   VMware, Inc.
Version:  4.1 (Core Profile) Mesa 23.0.4-0ubuntu1~22.04.1
GLES:     0
 GL_AMD_conservative_depth GL_AMD_draw_buffers_blend GL_AMD_multi_draw_indirect GL_AMD_shader_trinary_minmax GL_AMD_texture_texture4 GL_ANGLE_texture_compression_dxt3 GL_ANGLE_texture_compression_dxt5 GL_ARB_ES2_compatibility GL_ARB_ES3_compatibility GL_ARB_arrays_of_arrays GL_ARB_base_instance GL_ARB_blend_func_extended GL_ARB_buffer_storage GL_ARB_clear_buffer_object GL_ARB_clear_texture GL_ARB_compressed_texture_pixel_storage GL_ARB_conservative_depth GL_ARB_copy_buffer GL_ARB_copy_image GL_ARB_debug_output GL_ARB_depth_buffer_float GL_ARB_depth_clamp GL_ARB_direct_state_access GL_ARB_draw_buffers GL_ARB_draw_buffers_blend GL_ARB_draw_elements_base_vertex GL_ARB_draw_indirect GL_ARB_draw_instanced GL_ARB_explicit_attrib_location GL_ARB_explicit_uniform_location GL_ARB_fragment_coord_conventions GL_ARB_fragment_layer_viewport GL_ARB_fragment_shader GL_ARB_framebuffer_object GL_ARB_framebuffer_sRGB GL_ARB_get_program_binary GL_ARB_get_texture_sub_image GL_ARB_gpu_shader5 GL_ARB_gpu_shader_fp64 GL_ARB_half_f
loat_pixel GL_ARB_half_float_vertex GL_ARB_instanced_arrays GL_ARB_internalformat_query GL_ARB_internalformat_query2 GL_ARB_invalidate_subdata GL_ARB_map_buffer_alignment GL_ARB_map_buffer_range GL_ARB_multi_bind GL_ARB_multi_draw_indirect GL_ARB_occlusion_query2 GL_ARB_parallel_shader_compile GL_ARB_pixel_buffer_object GL_ARB_point_sprite GL_ARB_program_interface_query GL_ARB_provoking_vertex GL_ARB_robust_buffer_access_behavior GL_ARB_robustness GL_ARB_sample_shading GL_ARB_sampler_objects GL_ARB_seamless_cube_map GL_ARB_separate_shader_objects GL_ARB_shader_bit_encoding GL_ARB_shader_objects GL_ARB_shader_precision GL_ARB_shader_subroutine GL_ARB_shader_texture_lod GL_ARB_shading_language_420pack GL_ARB_shading_language_include GL_ARB_shading_language_packing GL_ARB_stencil_texturing GL_ARB_sync GL_ARB_tessellation_shader GL_ARB_texture_buffer_object GL_ARB_texture_buffer_object_rgb32 GL_ARB_texture_buffer_range GL_ARB_texture_compression_bptc GL_ARB_texture_compression_rgtc GL_ARB_texture_cube_map_array 
GL_ARB_texture_filter_anisotropic GL_ARB_texture_float GL_ARB_texture_gather GL_ARB_texture_multisample GL_ARB_texture_non_power_of_two GL_ARB_texture_query_levels GL_ARB_texture_query_lod GL_ARB_texture_rectangle GL_ARB_texture_rg GL_ARB_texture_rgb10_a2ui GL_ARB_texture_stencil8 GL_ARB_texture_storage GL_ARB_texture_storage_multisample GL_ARB_texture_swizzle GL_ARB_timer_query GL_ARB_transform_feedback2 GL_ARB_transform_feedback3 GL_ARB_transform_feedback_instanced GL_ARB_uniform_buffer_object GL_ARB_vertex_array_bgra GL_ARB_vertex_array_object GL_ARB_vertex_attrib_64bit GL_ARB_vertex_attrib_binding GL_ARB_vertex_buffer_object GL_ARB_vertex_shader GL_ARB_vertex_type_2_10_10_10_rev GL_ARB_viewport_array GL_ATI_blend_equation_separate GL_ATI_texture_float GL_EXT_EGL_image_storage GL_EXT_EGL_sync GL_EXT_abgr GL_EXT_blend_equation_separate GL_EXT_debug_label GL_EXT_draw_buffers2 GL_EXT_draw_instanced GL_EXT_framebuffer_blit GL_EXT_framebuffer_multisample GL_EXT_framebuffer_multisample_blit_scaled GL_EXT_frameb
uffer_object GL_EXT_framebuffer_sRGB GL_EXT_packed_depth_stencil GL_EXT_packed_float GL_EXT_pixel_buffer_object GL_EXT_provoking_vertex GL_EXT_shader_integer_mix GL_EXT_texture_array GL_EXT_texture_compression_dxt1 GL_EXT_texture_compression_rgtc GL_EXT_texture_compression_s3tc GL_EXT_texture_filter_anisotropic GL_EXT_texture_integer GL_EXT_texture_sRGB GL_EXT_texture_sRGB_decode GL_EXT_texture_shared_exponent GL_EXT_texture_snorm GL_EXT_texture_swizzle GL_EXT_timer_query GL_EXT_transform_feedback GL_EXT_vertex_array_bgra GL_EXT_vertex_attrib_64bit GL_IBM_multimode_draw_arrays GL_KHR_context_flush_control GL_KHR_debug GL_KHR_no_error GL_KHR_parallel_shader_compile GL_KHR_robust_buffer_access_behavior GL_KHR_robustness GL_KHR_texture_compression_astc_ldr GL_KHR_texture_compression_astc_sliced_3d GL_MESA_pack_invert GL_MESA_shader_integer_functions GL_MESA_texture_signed_rgba GL_NV_conditional_render GL_NV_copy_image GL_NV_depth_clamp GL_NV_packed_depth_stencil GL_OES_EGL_image GL_S3_s3tc
OPENGL LOG: Creating OpenGL 4.1 graphics device ; Context level  <OpenGL 4.1> ; Context handle 535292928
Initialize mono
Mono path[0] = '/home/chenfu/Unity/Hub/Editor/2020.3.11f1/Editor/Data/Managed'
Mono path[1] = '/home/chenfu/Unity/Hub/Editor/2020.3.11f1/Editor/Data/MonoBleedingEdge/lib/mono/unityjit'
Mono config path = '/home/chenfu/Unity/Hub/Editor/2020.3.11f1/Editor/Data/MonoBleedingEdge/etc'
Using monoOptions --debugger-agent=transport=dt_socket,embedding=1,server=y,suspend=n,address=127.0.0.1:56578
Begin MonoManager ReloadAssembly
Registering precompiled unity dll's ...
Register platform support module: /home/chenfu/Unity/Hub/Editor/2020.3.11f1/Editor/Data/PlaybackEngines/LinuxStandaloneSupport/UnityEditor.LinuxStandalone.Extensions.dll
Registered in 0.002740 seconds.
Native extension for LinuxStandalone target not found
Refreshing native plugins compatible for Editor in 31.14 ms, found 2 plugins.
Preloading 0 native plugins for Editor in 0.00 ms.
Mono: successfully reloaded assembly
- Completed reload, in  1.009 seconds
Platform modules already initialized, skipping
Registering precompiled user dll's ...
Registered in 0.004329 seconds.
Begin MonoManager ReloadAssembly
Native extension for LinuxStandalone target not found
Refreshing native plugins compatible for Editor in 37.66 ms, found 2 plugins.
Preloading 0 native plugins for Editor in 0.00 ms.
Mono: successfully reloaded assembly
- Completed reload, in  1.247 seconds
Platform modules already initialized, skipping
========================================================================
Worker process is ready to serve import requests
Launched and connected shader compiler UnityShaderCompiler after 0.01 seconds
Refreshing native plugins compatible for Editor in 0.67 ms, found 2 plugins.
Preloading 0 native plugins for Editor in 0.00 ms.
Unloading 1795 Unused Serialized files (Serialized files now loaded: 0)
System memory in use before: 70.7 MB.
System memory in use after: 70.6 MB.

Unloading 30 unused Assets to reduce memory usage. Loaded Objects now: 2218.
Total: 5.910291 ms (FindLiveObjects: 0.545822 ms CreateObjectMapping: 1.547294 ms MarkObjects: 3.472960 ms  DeleteObjects: 0.341334 ms)

========================================================================
Received Import Request.
  path: Assets/Untitled_Scan_17_27_30 (1).fbx
  artifactKey: Guid(0fb297e13ab8d9f34af328c66eb520a3) Importer(815301076,1909f56bfc062723c751e8b465ee728b)
Start importing Assets/Untitled_Scan_17_27_30 (1).fbx using Guid(0fb297e13ab8d9f34af328c66eb520a3) Importer(815301076,1909f56bfc062723c751e8b465ee728b)  -> (artifact id: '656a91ccb528669b49b3494e7953f9b6') in 0.488802 seconds
  Import took 0.493440 seconds .

========================================================================
Received Prepare
Registering precompiled user dll's ...
Registered in 0.004201 seconds.
Begin MonoManager ReloadAssembly
Native extension for LinuxStandalone target not found
Refreshing native plugins compatible for Editor in 0.59 ms, found 2 plugins.
Preloading 0 native plugins for Editor in 0.00 ms.
Mono: successfully reloaded assembly
- Completed reload, in  1.040 seconds
Platform modules already initialized, skipping
Refreshing native plugins compatible for Editor in 0.42 ms, found 2 plugins.
Preloading 0 native plugins for Editor in 0.00 ms.
Unloading 1789 Unused Serialized files (Serialized files now loaded: 0)
System memory in use before: 72.2 MB.
System memory in use after: 72.2 MB.

Unloading 25 unused Assets to reduce memory usage. Loaded Objects now: 2264.
Total: 3.137556 ms (FindLiveObjects: 0.202443 ms CreateObjectMapping: 0.060083 ms MarkObjects: 2.779149 ms  DeleteObjects: 0.094715 ms)

========================================================================
Received Prepare
Registering precompiled user dll's ...
Registered in 0.004500 seconds.
Begin MonoManager ReloadAssembly
Native extension for LinuxStandalone target not found
Refreshing native plugins compatible for Editor in 0.68 ms, found 2 plugins.
Preloading 0 native plugins for Editor in 0.00 ms.
Mono: successfully reloaded assembly
- Completed reload, in  1.507 seconds
Platform modules already initialized, skipping
Refreshing native plugins compatible for Editor in 0.72 ms, found 2 plugins.
Preloading 0 native plugins for Editor in 0.00 ms.
Unloading 1789 Unused Serialized files (Serialized files now loaded: 0)
System memory in use before: 72.2 MB.
System memory in use after: 72.2 MB.

Unloading 25 unused Assets to reduce memory usage. Loaded Objects now: 2267.
Total: 7.065450 ms (FindLiveObjects: 0.370278 ms CreateObjectMapping: 0.331663 ms MarkObjects: 5.790612 ms  DeleteObjects: 0.564761 ms)

========================================================================
Received Import Request.
  Time since last request: 9165.220381 seconds.
  path: Assets/Packages
  artifactKey: Guid(91265d3b8915034958c2b9c9e4bf726c) Importer(815301076,1909f56bfc062723c751e8b465ee728b)
Start importing Assets/Packages using Guid(91265d3b8915034958c2b9c9e4bf726c) Importer(815301076,1909f56bfc062723c751e8b465ee728b)  -> (artifact id: '943257563538f2cbd2de73d5bcbe6b7a') in 0.128593 seconds
  Import took 0.198333 seconds .

========================================================================
Received Import Request.
  Time since last request: 8.256837 seconds.
  path: Assets/Scenes/class.unity
  artifactKey: Guid(b1c38d10bfb372af0a8e0a79482a83ec) Importer(815301076,1909f56bfc062723c751e8b465ee728b)
Start importing Assets/Scenes/class.unity using Guid(b1c38d10bfb372af0a8e0a79482a83ec) Importer(815301076,1909f56bfc062723c751e8b465ee728b)  -> (artifact id: '9376233c1a4ecb8bcdf50fc18bc9ae99') in 0.090528 seconds
  Import took 0.093597 seconds .

========================================================================
Received Import Request.
  Time since last request: 0.942804 seconds.
  path: Assets/Scenes/New Lighting Settings.lighting
  artifactKey: Guid(407f345daf5f59d5aad3673e483e15c1) Importer(815301076,1909f56bfc062723c751e8b465ee728b)
Start importing Assets/Scenes/New Lighting Settings.lighting using Guid(407f345daf5f59d5aad3673e483e15c1) Importer(815301076,1909f56bfc062723c751e8b465ee728b)  -> (artifact id: 'dc1b4a0c72180c90530e2ac9b931221b') in 0.003752 seconds
  Import took 0.007212 seconds .

========================================================================
Received Import Request.
  Time since last request: 0.009085 seconds.
  path: Assets/Scenes/New Lighting Settings.lighting
  artifactKey: Guid(407f345daf5f59d5aad3673e483e15c1) Importer(815301076,1909f56bfc062723c751e8b465ee728b)
Start importing Assets/Scenes/New Lighting Settings.lighting using Guid(407f345daf5f59d5aad3673e483e15c1) Importer(815301076,1909f56bfc062723c751e8b465ee728b)  -> (artifact id: 'dc1b4a0c72180c90530e2ac9b931221b') in 0.001414 seconds
  Import took 0.005032 seconds .

========================================================================
Received Import Request.
  Time since last request: 2.942916 seconds.
  path: Assets/Scenes/SampleScene.unity
  artifactKey: Guid(9fc0d4010bbf28b4594072e72b8655ab) Importer(815301076,1909f56bfc062723c751e8b465ee728b)
Start importing Assets/Scenes/SampleScene.unity using Guid(9fc0d4010bbf28b4594072e72b8655ab) Importer(815301076,1909f56bfc062723c751e8b465ee728b)  -> (artifact id: 'e8c2e9a283d26c8b8435f0517bc0d4c6') in 0.001412 seconds
  Import took 0.004095 seconds .

========================================================================
Received Import Request.
  Time since last request: 5085.447690 seconds.
  path: Assets
  artifactKey: Guid(00000000000000001000000000000000) Importer(815301076,1909f56bfc062723c751e8b465ee728b)
Start importing Assets using Guid(00000000000000001000000000000000) Importer(815301076,1909f56bfc062723c751e8b465ee728b)  -> (artifact id: '42d402b061de3733987d63b9cc3b64de') in 0.001034 seconds
  Import took 0.004957 seconds .

========================================================================
Received Import Request.
  Time since last request: 6.851633 seconds.
  path: Assets/class
  artifactKey: Guid(83b7053881e6c9ce19042187e9e9bc4e) Importer(815301076,1909f56bfc062723c751e8b465ee728b)
Start importing Assets/class using Guid(83b7053881e6c9ce19042187e9e9bc4e) Importer(815301076,1909f56bfc062723c751e8b465ee728b)  -> (artifact id: '235098a2e23c8e16bf4d154eebc2bcbb') in 0.001212 seconds
  Import took 0.004059 seconds .

========================================================================
Received Import Request.
  Time since last request: 319.091188 seconds.
  path: Assets/class/foor.physicMaterial
  artifactKey: Guid(c6c14334973da9b76b6c42579251d154) Importer(815301076,1909f56bfc062723c751e8b465ee728b)
Start importing Assets/class/foor.physicMaterial using Guid(c6c14334973da9b76b6c42579251d154) Importer(815301076,1909f56bfc062723c751e8b465ee728b)  -> (artifact id: 'a981d79e28dfe87fee98a1a328770edc') in 0.003905 seconds
  Import took 0.007679 seconds .

========================================================================
Received Import Request.
  Time since last request: 0.007181 seconds.
  path: Assets/class/foor.physicMaterial
  artifactKey: Guid(c6c14334973da9b76b6c42579251d154) Importer(815301076,1909f56bfc062723c751e8b465ee728b)
Start importing Assets/class/foor.physicMaterial using Guid(c6c14334973da9b76b6c42579251d154) Importer(815301076,1909f56bfc062723c751e8b465ee728b)  -> (artifact id: 'a981d79e28dfe87fee98a1a328770edc') in 0.002768 seconds
  Import took 0.008253 seconds .

========================================================================
Received Import Request.
  Time since last request: 27.347250 seconds.
  path: Assets/class/floor.mat
  artifactKey: Guid(f6b40bda1414f8ad09c7b9a0e0baff68) Importer(815301076,1909f56bfc062723c751e8b465ee728b)
Start importing Assets/class/floor.mat using Guid(f6b40bda1414f8ad09c7b9a0e0baff68) Importer(815301076,1909f56bfc062723c751e8b465ee728b)  -> (artifact id: '6648fd0c9762a19c051e0921b84fbd6b') in 0.186016 seconds
  Import took 0.188928 seconds .

========================================================================
Received Import Request.
  Time since last request: 353.165377 seconds.
  path: Assets/class/floor.png
  artifactKey: Guid(8549be316b66db250a4fdd797ad7c0a3) Importer(815301076,1909f56bfc062723c751e8b465ee728b)
Start importing Assets/class/floor.png using Guid(8549be316b66db250a4fdd797ad7c0a3) Importer(815301076,1909f56bfc062723c751e8b465ee728b)  -> (artifact id: 'b2bd52805e524db0b072bb4bf85714d2') in 0.047280 seconds
  Import took 0.050825 seconds .

========================================================================
Received Import Request.
  Time since last request: 0.000289 seconds.
  path: Assets/class/wall.png
  artifactKey: Guid(ae76a057b273b3cc8b0a934bdd2118de) Importer(815301076,1909f56bfc062723c751e8b465ee728b)
Start importing Assets/class/wall.png using Guid(ae76a057b273b3cc8b0a934bdd2118de) Importer(815301076,1909f56bfc062723c751e8b465ee728b)  -> (artifact id: 'c2a75b01480bd16103823700452f920a') in 0.021673 seconds
  Import took 0.028835 seconds .

========================================================================
Received Import Request.
  Time since last request: 39.995806 seconds.
  path: Assets/class/wall.mat
  artifactKey: Guid(6b167d681641aac3a8e0220ac4527744) Importer(815301076,1909f56bfc062723c751e8b465ee728b)
Start importing Assets/class/wall.mat using Guid(6b167d681641aac3a8e0220ac4527744) Importer(815301076,1909f56bfc062723c751e8b465ee728b)  -> (artifact id: 'f5d1e3c945ac72b7dac489081f6014f9') in 0.027135 seconds
  Import took 0.030631 seconds .

========================================================================
Received Import Request.
  Time since last request: 90.534233 seconds.
  path: Assets/class/sce.mat
  artifactKey: Guid(f12945f729c23c5fbb930efa6e36c9f1) Importer(815301076,1909f56bfc062723c751e8b465ee728b)
Start importing Assets/class/sce.mat using Guid(f12945f729c23c5fbb930efa6e36c9f1) Importer(815301076,1909f56bfc062723c751e8b465ee728b)  -> (artifact id: '093c360e15bd53453a1a8ea96ae4fb38') in 0.026353 seconds
  Import took 0.029520 seconds .

========================================================================
Received Import Request.
  Time since last request: 8.463956 seconds.
  path: Assets/class/screen.mat
  artifactKey: Guid(f12945f729c23c5fbb930efa6e36c9f1) Importer(815301076,1909f56bfc062723c751e8b465ee728b)
Start importing Assets/class/screen.mat using Guid(f12945f729c23c5fbb930efa6e36c9f1) Importer(815301076,1909f56bfc062723c751e8b465ee728b)  -> (artifact id: 'b41a667a9b842c58bb4849593f2115d7') in 0.010895 seconds
  Import took 0.014146 seconds .

========================================================================
Received Import Request.
  Time since last request: 37.606238 seconds.
  path: Assets/class/New Material.mat
  artifactKey: Guid(c34ef68a6ea3edc23a1059e4c88f186a) Importer(815301076,1909f56bfc062723c751e8b465ee728b)
Start importing Assets/class/New Material.mat using Guid(c34ef68a6ea3edc23a1059e4c88f186a) Importer(815301076,1909f56bfc062723c751e8b465ee728b)  -> (artifact id: '4b5ea6e7f7933352aabad0973dd28881') in 0.017333 seconds
  Import took 0.020604 seconds .

========================================================================
Received Import Request.
  Time since last request: 0.031218 seconds.
  path: Assets/class/New Material.mat
  artifactKey: Guid(c34ef68a6ea3edc23a1059e4c88f186a) Importer(815301076,1909f56bfc062723c751e8b465ee728b)
Start importing Assets/class/New Material.mat using Guid(c34ef68a6ea3edc23a1059e4c88f186a) Importer(815301076,1909f56bfc062723c751e8b465ee728b)  -> (artifact id: '4b5ea6e7f7933352aabad0973dd28881') in 0.012062 seconds
  Import took 0.015083 seconds .

========================================================================
Received Import Request.
  Time since last request: 14.897306 seconds.
  path: Assets/class/Projection Screen.mat
  artifactKey: Guid(c34ef68a6ea3edc23a1059e4c88f186a) Importer(815301076,1909f56bfc062723c751e8b465ee728b)
Start importing Assets/class/Projection Screen.mat using Guid(c34ef68a6ea3edc23a1059e4c88f186a) Importer(815301076,1909f56bfc062723c751e8b465ee728b)  -> (artifact id: '8d44b70b9c63ae975bed9357d4b77d6f') in 0.020556 seconds
  Import took 0.023983 seconds .

========================================================================
Received Prepare
Registering precompiled user dll's ...
Registered in 0.004472 seconds.
Begin MonoManager ReloadAssembly
Native extension for LinuxStandalone target not found
Refreshing native plugins compatible for Editor in 0.43 ms, found 2 plugins.
Preloading 0 native plugins for Editor in 0.00 ms.
Mono: successfully reloaded assembly
- Completed reload, in  1.273 seconds
Platform modules already initialized, skipping
Refreshing native plugins compatible for Editor in 0.47 ms, found 2 plugins.
Preloading 0 native plugins for Editor in 0.00 ms.
Unloading 1789 Unused Serialized files (Serialized files now loaded: 0)
System memory in use before: 72.3 MB.
System memory in use after: 72.3 MB.

Unloading 25 unused Assets to reduce memory usage. Loaded Objects now: 2273.
Total: 3.456464 ms (FindLiveObjects: 0.326161 ms CreateObjectMapping: 0.071156 ms MarkObjects: 2.920431 ms  DeleteObjects: 0.137126 ms)

========================================================================
Received Import Request.
  Time since last request: 531.849206 seconds.
  path: Assets/class/target1.mat
  artifactKey: Guid(f824c531d1f26e284b29686596d8131f) Importer(815301076,1909f56bfc062723c751e8b465ee728b)
Start importing Assets/class/target1.mat using Guid(f824c531d1f26e284b29686596d8131f) Importer(815301076,1909f56bfc062723c751e8b465ee728b)  -> (artifact id: '6d2ee231a90de9b0674ed93d42f64a95') in 0.087761 seconds
  Import took 0.090777 seconds .

========================================================================
Received Import Request.
  Time since last request: 90.887441 seconds.
  path: Assets/class/obstacle.mat
  artifactKey: Guid(49f3db14fb7a89f8a8f725b31c1769e2) Importer(815301076,1909f56bfc062723c751e8b465ee728b)
Start importing Assets/class/obstacle.mat using Guid(49f3db14fb7a89f8a8f725b31c1769e2) Importer(815301076,1909f56bfc062723c751e8b465ee728b)  -> (artifact id: '483258cbca9e71fe2ec67bc7377358ac') in 0.018526 seconds
  Import took 0.022452 seconds .

========================================================================
Received Import Request.
  Time since last request: 0.010568 seconds.
  path: Assets/class/obstacle.mat
  artifactKey: Guid(49f3db14fb7a89f8a8f725b31c1769e2) Importer(815301076,1909f56bfc062723c751e8b465ee728b)
Start importing Assets/class/obstacle.mat using Guid(49f3db14fb7a89f8a8f725b31c1769e2) Importer(815301076,1909f56bfc062723c751e8b465ee728b)  -> (artifact id: '483258cbca9e71fe2ec67bc7377358ac') in 0.019696 seconds
  Import took 0.023668 seconds .

========================================================================
Received Import Request.
  Time since last request: 20.135927 seconds.
  path: Assets/class/floor.mat
  artifactKey: Guid(f6b40bda1414f8ad09c7b9a0e0baff68) Importer(815301076,1909f56bfc062723c751e8b465ee728b)
Start importing Assets/class/floor.mat using Guid(f6b40bda1414f8ad09c7b9a0e0baff68) Importer(815301076,1909f56bfc062723c751e8b465ee728b)  -> (artifact id: '1c73ecc0e7fc997147587a01f641f831') in 0.071014 seconds
  Import took 0.074631 seconds .

========================================================================
Received Import Request.
  Time since last request: 0.000350 seconds.
  path: Assets/class/obstacle.mat
  artifactKey: Guid(49f3db14fb7a89f8a8f725b31c1769e2) Importer(815301076,1909f56bfc062723c751e8b465ee728b)
Start importing Assets/class/obstacle.mat using Guid(49f3db14fb7a89f8a8f725b31c1769e2) Importer(815301076,1909f56bfc062723c751e8b465ee728b)  -> (artifact id: 'd06323ba0eb16e51a1937cd5976263b5') in 0.024873 seconds
  Import took 0.029717 seconds .

========================================================================
Received Import Request.
  Time since last request: 0.000497 seconds.
  path: Assets/class/screen.mat
  artifactKey: Guid(f12945f729c23c5fbb930efa6e36c9f1) Importer(815301076,1909f56bfc062723c751e8b465ee728b)
Start importing Assets/class/screen.mat using Guid(f12945f729c23c5fbb930efa6e36c9f1) Importer(815301076,1909f56bfc062723c751e8b465ee728b)  -> (artifact id: '26b0479264f1b6352a3e8aece0f29998') in 0.013057 seconds
  Import took 0.018753 seconds .

========================================================================
Received Import Request.
  Time since last request: 0.000277 seconds.
  path: Assets/class/wall.mat
  artifactKey: Guid(6b167d681641aac3a8e0220ac4527744) Importer(815301076,1909f56bfc062723c751e8b465ee728b)
Start importing Assets/class/wall.mat using Guid(6b167d681641aac3a8e0220ac4527744) Importer(815301076,1909f56bfc062723c751e8b465ee728b)  -> (artifact id: '445679f36466bcf6a6777b50999ee690') in 0.021602 seconds
  Import took 0.026997 seconds .

========================================================================
Received Import Request.
  Time since last request: 0.000413 seconds.
  path: Assets/class/target1.mat
  artifactKey: Guid(f824c531d1f26e284b29686596d8131f) Importer(815301076,1909f56bfc062723c751e8b465ee728b)
Start importing Assets/class/target1.mat using Guid(f824c531d1f26e284b29686596d8131f) Importer(815301076,1909f56bfc062723c751e8b465ee728b)  -> (artifact id: '2e8949345f0c7cc66998ba659a16ebf9') in 0.012186 seconds
  Import took 0.017049 seconds .

========================================================================
Received Import Request.
  Time since last request: 0.000467 seconds.
  path: Assets/class/Projection Screen.mat
  artifactKey: Guid(c34ef68a6ea3edc23a1059e4c88f186a) Importer(815301076,1909f56bfc062723c751e8b465ee728b)
Start importing Assets/class/Projection Screen.mat using Guid(c34ef68a6ea3edc23a1059e4c88f186a) Importer(815301076,1909f56bfc062723c751e8b465ee728b)  -> (artifact id: '99228e12b660b0ad8bbde5c5b9621713') in 0.016899 seconds
  Import took 0.023840 seconds .

========================================================================
Received Import Request.
  Time since last request: 78.241750 seconds.
  path: Assets/NuGet.config
  artifactKey: Guid(6a3114d8f18825ff998b50f49bd75a60) Importer(815301076,1909f56bfc062723c751e8b465ee728b)
Start importing Assets/NuGet.config using Guid(6a3114d8f18825ff998b50f49bd75a60) Importer(815301076,1909f56bfc062723c751e8b465ee728b)  -> (artifact id: 'c69dfe5c1a23cae3857eac1a24c3c3c4') in 0.025129 seconds
  Import took 0.076970 seconds .

========================================================================
Received Import Request.
  Time since last request: 5154.705336 seconds.
  path: Assets/Scenes/SampleScene.unity
  artifactKey: Guid(9fc0d4010bbf28b4594072e72b8655ab) Importer(815301076,1909f56bfc062723c751e8b465ee728b)
Start importing Assets/Scenes/SampleScene.unity using Guid(9fc0d4010bbf28b4594072e72b8655ab) Importer(815301076,1909f56bfc062723c751e8b465ee728b)  -> (artifact id: '701df533851d98d276a361d970129efe') in 0.002651 seconds
  Import took 0.006560 seconds .

========================================================================
Received Import Request.
  Time since last request: 147.505942 seconds.
  path: Assets/Scenes/class.unity
  artifactKey: Guid(b1c38d10bfb372af0a8e0a79482a83ec) Importer(815301076,1909f56bfc062723c751e8b465ee728b)
Start importing Assets/Scenes/class.unity using Guid(b1c38d10bfb372af0a8e0a79482a83ec) Importer(815301076,1909f56bfc062723c751e8b465ee728b)  -> (artifact id: 'f5980f37eff8c7405b5cd7732e4e89f7') in 0.002566 seconds
  Import took 0.006464 seconds .

========================================================================
Received Prepare
Registering precompiled user dll's ...
Registered in 0.004458 seconds.
Begin MonoManager ReloadAssembly
Native extension for LinuxStandalone target not found
Refreshing native plugins compatible for Editor in 0.62 ms, found 2 plugins.
Preloading 0 native plugins for Editor in 0.00 ms.
Mono: successfully reloaded assembly
- Completed reload, in  1.516 seconds
Platform modules already initialized, skipping
Refreshing native plugins compatible for Editor in 0.51 ms, found 2 plugins.
Preloading 0 native plugins for Editor in 0.00 ms.
Unloading 1789 Unused Serialized files (Serialized files now loaded: 0)
System memory in use before: 72.3 MB.
System memory in use after: 72.3 MB.

Unloading 25 unused Assets to reduce memory usage. Loaded Objects now: 2277.
Total: 3.342155 ms (FindLiveObjects: 0.538520 ms CreateObjectMapping: 0.126678 ms MarkObjects: 2.577247 ms  DeleteObjects: 0.097950 ms)

========================================================================
Received Prepare
Registering precompiled user dll's ...
Registered in 0.004468 seconds.
Begin MonoManager ReloadAssembly
Native extension for LinuxStandalone target not found
Refreshing native plugins compatible for Editor in 0.48 ms, found 2 plugins.
Preloading 0 native plugins for Editor in 0.00 ms.
Mono: successfully reloaded assembly
- Completed reload, in  0.817 seconds
Platform modules already initialized, skipping
Refreshing native plugins compatible for Editor in 0.45 ms, found 2 plugins.
Preloading 0 native plugins for Editor in 0.00 ms.
Unloading 1789 Unused Serialized files (Serialized files now loaded: 0)
System memory in use before: 72.3 MB.
System memory in use after: 72.3 MB.

Unloading 25 unused Assets to reduce memory usage. Loaded Objects now: 2280.
Total: 3.792343 ms (FindLiveObjects: 0.341856 ms CreateObjectMapping: 0.190148 ms MarkObjects: 3.121681 ms  DeleteObjects: 0.135850 ms)

AssetImportWorkerClient::OnTransportError - code=2 error=End of file
